<?xml version="1.0" encoding="UTF-8"?>
<!-- Generated by org.testng.reporters.JUnitReportReporter -->
<testsuite hostname="WINDOWS-S3RGP8Q" failures="0" tests="1" name="com.rxmg.base.DriverScript" time="4.078" errors="0" timestamp="28 May 2022 14:12:56 GMT" skipped="0">
  <testcase classname="com.rxmg.base.DriverScript" name="initApplication" time="4.078"/>
</testsuite> <!-- com.rxmg.base.DriverScript -->
