<?xml version="1.0" encoding="UTF-8"?>
<!-- Generated by org.testng.reporters.JUnitReportReporter -->
<testsuite hostname="WINDOWS-S3RGP8Q" failures="0" tests="1" name="com.rxmg.tests.LoginTests" time="7.977" errors="0" timestamp="28 May 2022 21:18:57 GMT" skipped="0">
  <testcase classname="com.rxmg.tests.LoginTests" name="testSignin" time="7.977"/>
</testsuite> <!-- com.rxmg.tests.LoginTests -->
