<?xml version="1.0" encoding="UTF-8"?>
<!-- Generated by org.testng.reporters.JUnitReportReporter -->
<testsuite hostname="WINDOWS-S3RGP8Q" failures="0" tests="1" name="com.rxmg.tests.CreateNewPostTest" time="6.566" errors="0" timestamp="03 Jun 2022 00:21:24 GMT" skipped="0">
  <testcase classname="com.rxmg.tests.CreateNewPostTest" name="createPost" time="6.566"/>
</testsuite> <!-- com.rxmg.tests.CreateNewPostTest -->
