<?xml version="1.0" encoding="UTF-8"?>
<!-- Generated by org.testng.reporters.JUnitReportReporter -->
<testsuite hostname="WINDOWS-S3RGP8Q" failures="0" tests="1" name="com.rxmg.tests.DeletePostTest" time="8.410" errors="0" timestamp="03 Jun 2022 00:37:02 GMT" skipped="0">
  <testcase classname="com.rxmg.tests.DeletePostTest" name="deletePost" time="8.410"/>
</testsuite> <!-- com.rxmg.tests.DeletePostTest -->
