<?xml version="1.0" encoding="UTF-8"?>
<!-- Generated by org.testng.reporters.JUnitReportReporter -->
<testsuite hostname="WINDOWS-S3RGP8Q" failures="0" tests="5" name="com.rxmg.tests.LoginTests" time="30.399" errors="0" timestamp="03 Jun 2022 00:31:24 GMT" skipped="0">
  <testcase classname="com.rxmg.tests.LoginTests" name="testSignup" time="3.738"/>
  <testcase classname="com.rxmg.tests.LoginTests" name="testPSignup" time="7.277"/>
  <testcase classname="com.rxmg.tests.LoginTests" name="testSignupFail" time="7.430"/>
  <testcase classname="com.rxmg.tests.LoginTests" name="testSigninPage" time="4.768"/>
  <testcase classname="com.rxmg.tests.LoginTests" name="testSignin" time="7.186"/>
</testsuite> <!-- com.rxmg.tests.LoginTests -->
